<?xml version="1.0" encoding="UTF-8"?>
<testsuite name="VehicleTest" tests="2" skipped="0" failures="0" errors="0" timestamp="2024-11-14T16:31:16" hostname="santi-Latitude-3520" time="0.011">
  <properties/>
  <testcase name="addToll_toString_equal()" classname="VehicleTest" time="0.01"/>
  <testcase name="constructor_toString_equal()" classname="VehicleTest" time="0.0"/>
  <system-out><![CDATA[]]></system-out>
  <system-err><![CDATA[]]></system-err>
</testsuite>
